# JRE version: Java(TM) SE Runtime Environment Oracle GraalVM 21.0.6+8.1 (21.0.6+8) (build 21.0.6+8-LTS-jvmci-23.1-b55)
# Java VM: Java HotSpot(TM) 64-Bit Server VM Oracle GraalVM 21.0.6+8.1 (21.0.6+8-LTS-jvmci-23.1-b55, mixed mode, sharing, tiered, jvmci, jvmci compiler, compressed oops, compressed class ptrs, g1 gc, windows-amd64)
GC Precious Log:
 CardTable entry size: 512
 Card Set container configuration: InlinePtr #cards 4 size 8 Array Of Cards #cards 16 size 48 Howl #buckets 8 coarsen threshold 3686 Howl Bitmap #cards 512 size 80 coarsen threshold 460 Card regions per heap region 1 cards per card region 4096
 CPUs: 12 total, 12 available
 Memory: 32712M
 Large Page Support: Disabled
 NUMA Support: Disabled
 Compressed Oops: Enabled (Zero based)
 Heap Region Size: 2M
 Heap Min Capacity: 8M
 Heap Initial Capacity: 512M
 Heap Max Capacity: 3G
 Pre-touch: Disabled
 Parallel Workers: 10
 Concurrent Workers: 3
 Concurrent Refinement Workers: 10
 Periodic GC: Disabled
Heap:
 garbage-first heap   total 299008K, used 216674K [0x0000000740000000, 0x0000000800000000)
  region size 2048K, 24 young (49152K), 7 survivors (14336K)
 Metaspace       used 76492K, committed 78784K, reserved 1179648K
  class space    used 10399K, committed 11520K, reserved 1048576K
GC Heap History (20 events):
Event: 3.431 GC heap before
{Heap before GC invocations=10 (full 0):
 garbage-first heap   total 112640K, used 92632K [0x0000000740000000, 0x0000000800000000)
  region size 2048K, 31 young (63488K), 4 survivors (8192K)
 Metaspace       used 46529K, committed 48192K, reserved 1114112K
  class space    used 6428K, committed 7232K, reserved 1048576K
}
Event: 3.435 GC heap after
{Heap after GC invocations=11 (full 0):
 garbage-first heap   total 112640K, used 41533K [0x0000000740000000, 0x0000000800000000)
  region size 2048K, 3 young (6144K), 3 survivors (6144K)
 Metaspace       used 46529K, committed 48192K, reserved 1114112K
  class space    used 6428K, committed 7232K, reserved 1048576K
}
Event: 3.882 GC heap before
{Heap before GC invocations=11 (full 0):
 garbage-first heap   total 112640K, used 92733K [0x0000000740000000, 0x0000000800000000)
  region size 2048K, 29 young (59392K), 3 survivors (6144K)
 Metaspace       used 52206K, committed 54080K, reserved 1114112K
  class space    used 7154K, committed 8064K, reserved 1048576K
}
Event: 3.884 GC heap after
{Heap after GC invocations=12 (full 0):
 garbage-first heap   total 112640K, used 45466K [0x0000000740000000, 0x0000000800000000)
  region size 2048K, 2 young (4096K), 2 survivors (4096K)
 Metaspace       used 52206K, committed 54080K, reserved 1114112K
  class space    used 7154K, committed 8064K, reserved 1048576K
}
Event: 4.363 GC heap before
{Heap before GC invocations=12 (full 0):
 garbage-first heap   total 112640K, used 96666K [0x0000000740000000, 0x0000000800000000)
  region size 2048K, 27 young (55296K), 2 survivors (4096K)
 Metaspace       used 57659K, committed 59584K, reserved 1114112K
  class space    used 7719K, committed 8640K, reserved 1048576K
}
Event: 4.365 GC heap after
{Heap after GC invocations=13 (full 0):
 garbage-first heap   total 112640K, used 51332K [0x0000000740000000, 0x0000000800000000)
  region size 2048K, 4 young (8192K), 4 survivors (8192K)
 Metaspace       used 57659K, committed 59584K, reserved 1114112K
  class space    used 7719K, committed 8640K, reserved 1048576K
}
Event: 4.603 GC heap before
{Heap before GC invocations=13 (full 0):
 garbage-first heap   total 112640K, used 53380K [0x0000000740000000, 0x0000000800000000)
  region size 2048K, 6 young (12288K), 4 survivors (8192K)
 Metaspace       used 59079K, committed 60928K, reserved 1114112K
  class space    used 7905K, committed 8832K, reserved 1048576K
}
Event: 4.605 GC heap after
{Heap after GC invocations=14 (full 0):
 garbage-first heap   total 112640K, used 51378K [0x0000000740000000, 0x0000000800000000)
  region size 2048K, 3 young (6144K), 3 survivors (6144K)
 Metaspace       used 59079K, committed 60928K, reserved 1114112K
  class space    used 7905K, committed 8832K, reserved 1048576K
}
Event: 6.308 GC heap before
{Heap before GC invocations=15 (full 0):
 garbage-first heap   total 112640K, used 94386K [0x0000000740000000, 0x0000000800000000)
  region size 2048K, 25 young (51200K), 3 survivors (6144K)
 Metaspace       used 64845K, committed 66880K, reserved 1114112K
  class space    used 8734K, committed 9728K, reserved 1048576K
}
Event: 6.311 GC heap after
{Heap after GC invocations=16 (full 0):
 garbage-first heap   total 112640K, used 53720K [0x0000000740000000, 0x0000000800000000)
  region size 2048K, 4 young (8192K), 4 survivors (8192K)
 Metaspace       used 64845K, committed 66880K, reserved 1114112K
  class space    used 8734K, committed 9728K, reserved 1048576K
}
Event: 6.522 GC heap before
{Heap before GC invocations=16 (full 0):
 garbage-first heap   total 112640K, used 94680K [0x0000000740000000, 0x0000000800000000)
  region size 2048K, 24 young (49152K), 4 survivors (8192K)
 Metaspace       used 65997K, committed 68032K, reserved 1114112K
  class space    used 8907K, committed 9920K, reserved 1048576K
}
Event: 6.525 GC heap after
{Heap after GC invocations=17 (full 0):
 garbage-first heap   total 112640K, used 57544K [0x0000000740000000, 0x0000000800000000)
  region size 2048K, 3 young (6144K), 3 survivors (6144K)
 Metaspace       used 65997K, committed 68032K, reserved 1114112K
  class space    used 8907K, committed 9920K, reserved 1048576K
}
Event: 6.710 GC heap before
{Heap before GC invocations=17 (full 0):
 garbage-first heap   total 112640K, used 96456K [0x0000000740000000, 0x0000000800000000)
  region size 2048K, 22 young (45056K), 3 survivors (6144K)
 Metaspace       used 67316K, committed 69440K, reserved 1114112K
  class space    used 9127K, committed 10176K, reserved 1048576K
}
Event: 6.715 GC heap after
{Heap after GC invocations=18 (full 0):
 garbage-first heap   total 319488K, used 62648K [0x0000000740000000, 0x0000000800000000)
  region size 2048K, 3 young (6144K), 3 survivors (6144K)
 Metaspace       used 67316K, committed 69440K, reserved 1114112K
  class space    used 9127K, committed 10176K, reserved 1048576K
}
Event: 7.588 GC heap before
{Heap before GC invocations=19 (full 0):
 garbage-first heap   total 233472K, used 228536K [0x0000000740000000, 0x0000000800000000)
  region size 2048K, 39 young (79872K), 3 survivors (6144K)
 Metaspace       used 72081K, committed 74240K, reserved 1114112K
  class space    used 9661K, committed 10752K, reserved 1048576K
}
Event: 7.592 GC heap after
{Heap after GC invocations=20 (full 0):
 garbage-first heap   total 245760K, used 68504K [0x0000000740000000, 0x0000000800000000)
  region size 2048K, 6 young (12288K), 6 survivors (12288K)
 Metaspace       used 72081K, committed 74240K, reserved 1114112K
  class space    used 9661K, committed 10752K, reserved 1048576K
}
Event: 8.452 GC heap before
{Heap before GC invocations=20 (full 0):
 garbage-first heap   total 245760K, used 226200K [0x0000000740000000, 0x0000000800000000)
  region size 2048K, 71 young (145408K), 6 survivors (12288K)
 Metaspace       used 76376K, committed 78592K, reserved 1179648K
  class space    used 10388K, committed 11520K, reserved 1048576K
}
Event: 8.468 GC heap after
{Heap after GC invocations=21 (full 0):
 garbage-first heap   total 292864K, used 123760K [0x0000000740000000, 0x0000000800000000)
  region size 2048K, 9 young (18432K), 9 survivors (18432K)
 Metaspace       used 76376K, committed 78592K, reserved 1179648K
  class space    used 10388K, committed 11520K, reserved 1048576K
}
Event: 8.593 GC heap before
{Heap before GC invocations=21 (full 0):
 garbage-first heap   total 292864K, used 220016K [0x0000000740000000, 0x0000000800000000)
  region size 2048K, 56 young (114688K), 9 survivors (18432K)
 Metaspace       used 76492K, committed 78784K, reserved 1179648K
  class space    used 10399K, committed 11520K, reserved 1048576K
}
Event: 8.614 GC heap after
{Heap after GC invocations=22 (full 0):
 garbage-first heap   total 299008K, used 183906K [0x0000000740000000, 0x0000000800000000)
  region size 2048K, 7 young (14336K), 7 survivors (14336K)
 Metaspace       used 76492K, committed 78784K, reserved 1179648K
  class space    used 10399K, committed 11520K, reserved 1048576K
}

